<?xml version="1.0" encoding="UTF-8"?>
<testng-results ignored="0" total="1" passed="1" failed="0" skipped="0">
  <reporter-output>
  </reporter-output>
  <suite started-at="2022-08-21T16:58:11 TRT" name="Suite" finished-at="2022-08-21T16:59:58 TRT" duration-ms="106638">
    <groups>
    </groups>
    <test started-at="2022-08-21T16:58:11 TRT" name="homepage" finished-at="2022-08-21T16:59:58 TRT" duration-ms="106638">
      <class name="src.test.Academy.HomePageTest">
        <test-method is-config="true" signature="initialize()[pri:0, instance:src.test.Academy.HomePageTest@2133814f]" started-at="2022-08-21T16:58:12 TRT" name="initialize" finished-at="2022-08-21T16:58:39 TRT" duration-ms="27908" status="PASS">
          <reporter-output>
          </reporter-output>
        </test-method> <!-- initialize -->
        <test-method signature="HomePageVerification()[pri:0, instance:src.test.Academy.HomePageTest@2133814f]" started-at="2022-08-21T16:58:39 TRT" name="HomePageVerification" finished-at="2022-08-21T16:59:58 TRT" duration-ms="78456" status="PASS">
          <reporter-output>
          </reporter-output>
        </test-method> <!-- HomePageVerification -->
      </class> <!-- src.test.Academy.HomePageTest -->
    </test> <!-- homepage -->
  </suite> <!-- Suite -->
</testng-results>
